0 info it worked if it ends with ok
1 verbose cli [ '/Users/francesthai/.nvm/versions/node/v6.1.0/bin/node',
1 verbose cli   '/Users/francesthai/.nvm/versions/node/v6.1.0/bin/npm',
1 verbose cli   'install',
1 verbose cli   '--save',
1 verbose cli   'cpu-percent',
1 verbose cli   'johnny-five',
1 verbose cli   'raspi-io',
1 verbose cli   'bicolor-bargraph' ]
2 info using npm@3.8.6
3 info using node@v6.1.0
4 silly loadCurrentTree Starting
5 silly install loadCurrentTree
6 silly install readLocalPackageData
7 silly fetchPackageMetaData cpu-percent
8 silly fetchPackageMetaData johnny-five
9 silly fetchPackageMetaData raspi-io
10 silly fetchPackageMetaData bicolor-bargraph
11 silly fetchNamedPackageData cpu-percent
12 silly mapToRegistry name cpu-percent
13 silly mapToRegistry using default registry
14 silly mapToRegistry registry https://registry.npmjs.org/
15 silly mapToRegistry data Result {
15 silly mapToRegistry   raw: 'cpu-percent',
15 silly mapToRegistry   scope: null,
15 silly mapToRegistry   name: 'cpu-percent',
15 silly mapToRegistry   rawSpec: '',
15 silly mapToRegistry   spec: 'latest',
15 silly mapToRegistry   type: 'tag' }
16 silly mapToRegistry uri https://registry.npmjs.org/cpu-percent
17 silly fetchNamedPackageData johnny-five
18 silly mapToRegistry name johnny-five
19 silly mapToRegistry using default registry
20 silly mapToRegistry registry https://registry.npmjs.org/
21 silly mapToRegistry data Result {
21 silly mapToRegistry   raw: 'johnny-five',
21 silly mapToRegistry   scope: null,
21 silly mapToRegistry   name: 'johnny-five',
21 silly mapToRegistry   rawSpec: '',
21 silly mapToRegistry   spec: 'latest',
21 silly mapToRegistry   type: 'tag' }
22 silly mapToRegistry uri https://registry.npmjs.org/johnny-five
23 silly fetchNamedPackageData raspi-io
24 silly mapToRegistry name raspi-io
25 silly mapToRegistry using default registry
26 silly mapToRegistry registry https://registry.npmjs.org/
27 silly mapToRegistry data Result {
27 silly mapToRegistry   raw: 'raspi-io',
27 silly mapToRegistry   scope: null,
27 silly mapToRegistry   name: 'raspi-io',
27 silly mapToRegistry   rawSpec: '',
27 silly mapToRegistry   spec: 'latest',
27 silly mapToRegistry   type: 'tag' }
28 silly mapToRegistry uri https://registry.npmjs.org/raspi-io
29 silly fetchNamedPackageData bicolor-bargraph
30 silly mapToRegistry name bicolor-bargraph
31 silly mapToRegistry using default registry
32 silly mapToRegistry registry https://registry.npmjs.org/
33 silly mapToRegistry data Result {
33 silly mapToRegistry   raw: 'bicolor-bargraph',
33 silly mapToRegistry   scope: null,
33 silly mapToRegistry   name: 'bicolor-bargraph',
33 silly mapToRegistry   rawSpec: '',
33 silly mapToRegistry   spec: 'latest',
33 silly mapToRegistry   type: 'tag' }
34 silly mapToRegistry uri https://registry.npmjs.org/bicolor-bargraph
35 verbose request uri https://registry.npmjs.org/cpu-percent
36 verbose request no auth needed
37 info attempt registry request try #1 at 10:21:41 PM
38 verbose request using bearer token for auth
39 verbose request id dfb772abc91b04ed
40 http request GET https://registry.npmjs.org/cpu-percent
41 verbose request uri https://registry.npmjs.org/johnny-five
42 verbose request no auth needed
43 info attempt registry request try #1 at 10:21:41 PM
44 verbose request using bearer token for auth
45 http request GET https://registry.npmjs.org/johnny-five
46 verbose request uri https://registry.npmjs.org/raspi-io
47 verbose request no auth needed
48 info attempt registry request try #1 at 10:21:41 PM
49 verbose request using bearer token for auth
50 http request GET https://registry.npmjs.org/raspi-io
51 verbose request uri https://registry.npmjs.org/bicolor-bargraph
52 verbose request no auth needed
53 info attempt registry request try #1 at 10:21:41 PM
54 verbose request using bearer token for auth
55 http request GET https://registry.npmjs.org/bicolor-bargraph
56 http 200 https://registry.npmjs.org/johnny-five
57 verbose headers { 'content-type': 'application/json; charset=UTF-8',
57 verbose headers   server: 'UploadServer',
57 verbose headers   'cache-control': 'max-age=300',
57 verbose headers   'last-modified': 'Thu, 5 Apr 2018 15:08:57 GMT',
57 verbose headers   etag: '"5ac63c09-1c1bee"',
57 verbose headers   'x-npm-region': 'US-West',
57 verbose headers   'content-encoding': 'gzip',
57 verbose headers   'content-length': '58319',
57 verbose headers   'accept-ranges': 'bytes',
57 verbose headers   date: 'Wed, 02 May 2018 05:21:41 GMT',
57 verbose headers   via: '1.1 varnish',
57 verbose headers   age: '13711',
57 verbose headers   connection: 'keep-alive',
57 verbose headers   'x-served-by': 'cache-sjc3632-SJC',
57 verbose headers   'x-cache': 'HIT',
57 verbose headers   'x-cache-hits': '1',
57 verbose headers   'x-timer': 'S1525238502.859151,VS0,VE2',
57 verbose headers   vary: 'Accept-Encoding, Accept' }
58 silly get cb [ 200,
58 silly get   { 'content-type': 'application/json; charset=UTF-8',
58 silly get     server: 'UploadServer',
58 silly get     'cache-control': 'max-age=300',
58 silly get     'last-modified': 'Thu, 5 Apr 2018 15:08:57 GMT',
58 silly get     etag: '"5ac63c09-1c1bee"',
58 silly get     'x-npm-region': 'US-West',
58 silly get     'content-encoding': 'gzip',
58 silly get     'content-length': '58319',
58 silly get     'accept-ranges': 'bytes',
58 silly get     date: 'Wed, 02 May 2018 05:21:41 GMT',
58 silly get     via: '1.1 varnish',
58 silly get     age: '13711',
58 silly get     connection: 'keep-alive',
58 silly get     'x-served-by': 'cache-sjc3632-SJC',
58 silly get     'x-cache': 'HIT',
58 silly get     'x-cache-hits': '1',
58 silly get     'x-timer': 'S1525238502.859151,VS0,VE2',
58 silly get     vary: 'Accept-Encoding, Accept' } ]
59 verbose get saving johnny-five to /Users/francesthai/.npm/registry.npmjs.org/johnny-five/.cache.json
60 verbose correctMkdir /Users/francesthai/.npm correctMkdir not in flight; initializing
61 http 200 https://registry.npmjs.org/bicolor-bargraph
62 verbose headers { 'content-type': 'application/json; charset=UTF-8',
62 verbose headers   server: 'UploadServer',
62 verbose headers   'cache-control': 'max-age=300',
62 verbose headers   'last-modified': 'Sun, 6 Aug 2017 9:07:40 GMT',
62 verbose headers   etag: '"5986dc5c-117b"',
62 verbose headers   'x-npm-region': 'US-West',
62 verbose headers   'content-encoding': 'gzip',
62 verbose headers   'content-length': '2086',
62 verbose headers   'accept-ranges': 'bytes',
62 verbose headers   date: 'Wed, 02 May 2018 05:21:42 GMT',
62 verbose headers   via: '1.1 varnish',
62 verbose headers   age: '0',
62 verbose headers   connection: 'keep-alive',
62 verbose headers   'x-served-by': 'cache-sjc3624-SJC',
62 verbose headers   'x-cache': 'MISS',
62 verbose headers   'x-cache-hits': '0',
62 verbose headers   'x-timer': 'S1525238502.860204,VS0,VE149',
62 verbose headers   vary: 'Accept-Encoding, Accept' }
63 silly get cb [ 200,
63 silly get   { 'content-type': 'application/json; charset=UTF-8',
63 silly get     server: 'UploadServer',
63 silly get     'cache-control': 'max-age=300',
63 silly get     'last-modified': 'Sun, 6 Aug 2017 9:07:40 GMT',
63 silly get     etag: '"5986dc5c-117b"',
63 silly get     'x-npm-region': 'US-West',
63 silly get     'content-encoding': 'gzip',
63 silly get     'content-length': '2086',
63 silly get     'accept-ranges': 'bytes',
63 silly get     date: 'Wed, 02 May 2018 05:21:42 GMT',
63 silly get     via: '1.1 varnish',
63 silly get     age: '0',
63 silly get     connection: 'keep-alive',
63 silly get     'x-served-by': 'cache-sjc3624-SJC',
63 silly get     'x-cache': 'MISS',
63 silly get     'x-cache-hits': '0',
63 silly get     'x-timer': 'S1525238502.860204,VS0,VE149',
63 silly get     vary: 'Accept-Encoding, Accept' } ]
64 verbose get saving bicolor-bargraph to /Users/francesthai/.npm/registry.npmjs.org/bicolor-bargraph/.cache.json
65 verbose correctMkdir /Users/francesthai/.npm correctMkdir not in flight; initializing
66 http 200 https://registry.npmjs.org/raspi-io
67 verbose headers { 'content-type': 'application/json; charset=UTF-8',
67 verbose headers   server: 'UploadServer',
67 verbose headers   'cache-control': 'max-age=300',
67 verbose headers   'last-modified': 'Sat, 21 Apr 2018 23:01:07 GMT',
67 verbose headers   etag: '"5adbc2b3-19dd4"',
67 verbose headers   'x-npm-region': 'US-West',
67 verbose headers   'content-encoding': 'gzip',
67 verbose headers   'content-length': '14275',
67 verbose headers   'accept-ranges': 'bytes',
67 verbose headers   date: 'Wed, 02 May 2018 05:21:42 GMT',
67 verbose headers   via: '1.1 varnish',
67 verbose headers   age: '0',
67 verbose headers   connection: 'keep-alive',
67 verbose headers   'x-served-by': 'cache-sjc3136-SJC',
67 verbose headers   'x-cache': 'MISS',
67 verbose headers   'x-cache-hits': '0',
67 verbose headers   'x-timer': 'S1525238502.859965,VS0,VE191',
67 verbose headers   vary: 'Accept-Encoding, Accept' }
68 silly get cb [ 200,
68 silly get   { 'content-type': 'application/json; charset=UTF-8',
68 silly get     server: 'UploadServer',
68 silly get     'cache-control': 'max-age=300',
68 silly get     'last-modified': 'Sat, 21 Apr 2018 23:01:07 GMT',
68 silly get     etag: '"5adbc2b3-19dd4"',
68 silly get     'x-npm-region': 'US-West',
68 silly get     'content-encoding': 'gzip',
68 silly get     'content-length': '14275',
68 silly get     'accept-ranges': 'bytes',
68 silly get     date: 'Wed, 02 May 2018 05:21:42 GMT',
68 silly get     via: '1.1 varnish',
68 silly get     age: '0',
68 silly get     connection: 'keep-alive',
68 silly get     'x-served-by': 'cache-sjc3136-SJC',
68 silly get     'x-cache': 'MISS',
68 silly get     'x-cache-hits': '0',
68 silly get     'x-timer': 'S1525238502.859965,VS0,VE191',
68 silly get     vary: 'Accept-Encoding, Accept' } ]
69 verbose get saving raspi-io to /Users/francesthai/.npm/registry.npmjs.org/raspi-io/.cache.json
70 verbose correctMkdir /Users/francesthai/.npm correctMkdir not in flight; initializing
71 http 200 https://registry.npmjs.org/cpu-percent
72 verbose headers { 'content-type': 'application/json; charset=UTF-8',
72 verbose headers   server: 'UploadServer',
72 verbose headers   'cache-control': 'max-age=300',
72 verbose headers   'last-modified': 'Tue, 13 Mar 2018 0:57:36 GMT',
72 verbose headers   etag: '"5aa72200-1d34"',
72 verbose headers   'x-npm-region': 'US-West',
72 verbose headers   'content-encoding': 'gzip',
72 verbose headers   'content-length': '1568',
72 verbose headers   'accept-ranges': 'bytes',
72 verbose headers   date: 'Wed, 02 May 2018 05:21:42 GMT',
72 verbose headers   via: '1.1 varnish',
72 verbose headers   age: '0',
72 verbose headers   connection: 'keep-alive',
72 verbose headers   'x-served-by': 'cache-sjc3631-SJC',
72 verbose headers   'x-cache': 'MISS',
72 verbose headers   'x-cache-hits': '0',
72 verbose headers   'x-timer': 'S1525238502.861205,VS0,VE242',
72 verbose headers   vary: 'Accept-Encoding, Accept' }
73 silly get cb [ 200,
73 silly get   { 'content-type': 'application/json; charset=UTF-8',
73 silly get     server: 'UploadServer',
73 silly get     'cache-control': 'max-age=300',
73 silly get     'last-modified': 'Tue, 13 Mar 2018 0:57:36 GMT',
73 silly get     etag: '"5aa72200-1d34"',
73 silly get     'x-npm-region': 'US-West',
73 silly get     'content-encoding': 'gzip',
73 silly get     'content-length': '1568',
73 silly get     'accept-ranges': 'bytes',
73 silly get     date: 'Wed, 02 May 2018 05:21:42 GMT',
73 silly get     via: '1.1 varnish',
73 silly get     age: '0',
73 silly get     connection: 'keep-alive',
73 silly get     'x-served-by': 'cache-sjc3631-SJC',
73 silly get     'x-cache': 'MISS',
73 silly get     'x-cache-hits': '0',
73 silly get     'x-timer': 'S1525238502.861205,VS0,VE242',
73 silly get     vary: 'Accept-Encoding, Accept' } ]
74 verbose get saving cpu-percent to /Users/francesthai/.npm/registry.npmjs.org/cpu-percent/.cache.json
75 verbose correctMkdir /Users/francesthai/.npm correctMkdir not in flight; initializing
76 silly install normalizeTree
77 silly loadCurrentTree Finishing
78 silly loadIdealTree Starting
79 silly install loadIdealTree
80 silly cloneCurrentTree Starting
81 silly install cloneCurrentTreeToIdealTree
82 silly cloneCurrentTree Finishing
83 silly loadShrinkwrap Starting
84 silly install loadShrinkwrap
85 silly loadShrinkwrap Finishing
86 silly loadAllDepsIntoIdealTree Starting
87 silly install loadAllDepsIntoIdealTree
88 silly rollbackFailedOptional Starting
89 silly rollbackFailedOptional Finishing
90 silly runTopLevelLifecycles Starting
91 silly runTopLevelLifecycles Finishing
92 silly install printInstalled
93 verbose stack Error: Unsupported platform for raspi-io@9.0.0: wanted {"name":"raspi-io","version":"9.0.0","description":"A Firmata-compatible Raspberry Pi I/O API","main":"dist/index.js","repository":{"type":"git","url":"git+https://github.com/nebrius/raspi-io.git"},"homepage":"https://github.com/nebrius/raspi-io","keywords":["raspberrypi","nodebots","robots"],"dependencies":{"raspi":"^5.0.2","raspi-board":"^5.2.0","raspi-gpio":"^6.0.0","raspi-i2c":"^6.1.2","raspi-led":"^2.0.0","raspi-pwm":"^6.0.0","raspi-serial":"^5.0.0","raspi-soft-pwm":"^5.0.0","raspi-io-core":"^2.1.0"},"devDependencies":{"babel-cli":"^6.26.0","babel-preset-es2015":"^6.24.1","eslint":"^2.13.1"},"engines":{"node":">= 6.4.0"},"cpu":["arm"],"scripts":{"test":"node ./test/bootstrap.js","prebuild":"eslint src/**/*.js","build":"babel src/index.js --presets es2015 --out-file dist/index.js --source-maps"},"author":{"name":"Bryan Hughes","email":"bryan@nebri.us"},"contributors":[{"name":"Bryan Hughes","email":"bryan@nebri.us"},{"name":"Brian Cooke","email":"bdscooke@gmail.com"}],"license":"MIT","bugs":{"url":"https://github.com/nebrius/raspi-io/issues"},"gitHead":"95e03b097cf21d635d9f63037fa92438f5417a77","_id":"raspi-io@9.0.0","_npmVersion":"5.7.1","_nodeVersion":"9.9.0","_npmUser":{"name":"nebrius","email":"bryan@nebri.us"},"dist":{"integrity":"sha512-GWy3mBskjx85o5zaNXXZfBFRUwjBkY0Kp2ZeVg3zOL6QX0SgnUN0wrRmmtt92TGCgd8ki079GEAmWSVZi/Djbg==","shasum":"0eb7188ae97838cfcfa7a52f5275dee73fe2e56e","tarball":"https://registry.npmjs.org/raspi-io/-/raspi-io-9.0.0.tgz","fileCount":10,"unpackedSize":37514,"npm-signature":"-----BEGIN PGP SIGNATURE-----\r\nVersion: OpenPGP.js v3.0.4\r\nComment: https://openpgpjs.org\r\n\r\nwsFcBAEBCAAQBQJa28KxCRA9TVsSAnZWagAAmrYP/26UDdRjD7tNIwhgq8yt\na6fa7h4pMFpSYRGNahENYzxuY5OZQ0nO7zWcJJEdTEl6r24ySAMMp9A/0kg8\nz5Z4aT5Av168fzBtEg+VQZgjsL/Dn7aDgHlngrxmnuJ/adjiR2Ou6SSEbnq6\ntV7RHlQfxzsC8WzW5X8KM+JCs/owimiMpuUlSVXL1ZbnmjxtKyxgR6UfRfY2\ny56I2alG2elBjkmmYBZBOLk/IavGrcvcxcA2EGuxIgJeOMHIeprGhlaf7CIj\nOcb6Zy8vkpkT43A+HJf1dQWuTa+C7UuHv4Vc+IyvYCFFhalDzwb65E7g8Rqb\nu4oAku2vWRU4EuDM3gPLc7BoGr1qzjX1TTrPN7hcSC7odvbDbGmSkxZ54jZi\nsqI66QJyCSLVsL6VVWw1i+Zi1fRjy1+JMDMr1bvPZL3Ozv417+TtRf58TFCB\nwY3Q4hzWKaiam9x4dpF7Q9j+Vq7VZiFSjxg5ne04l9aoi2I5AgmEPNclQRxT\nKNfXXRUzCnwzkcuLjHxjNBujVWRsgL1Z+132rm9cTQFvzUt+H43DnmKpH+9V\nVqwe1W7wluGMcf5Sf1T0gxsJRqB7qDuS/BujuaYYekoNaxS0L+6HvmEpEx46\nnzCiwmUO2WE7DPcy1zUZZqOwB/KHA6nIC1pegYR3Fm3u9ErEBVkosza7IqhK\nJCi5\r\n=E14j\r\n-----END PGP SIGNATURE-----\r\n"},"maintainers":[{"name":"nebrius","email":"bryan@nebri.us"}],"directories":{},"_npmOperationalInternal":{"host":"s3://npm-registry-packages","tmp":"tmp/raspi-io_9.0.0_1524351664281_0.18976575014921138"},"_requested":{"raw":"raspi-io","scope":null,"name":"raspi-io","rawSpec":"","spec":"latest","type":"tag"},"_spec":"raspi-io","_where":"/Users/francesthai/boh_printer","_args":[["raspi-io","/Users/francesthai/boh_printer"]],"readme":"ERROR: No README data found!","warnings":[{"code":"ENOTSUP","required":{"node":">= 6.4.0"},"pkgid":"raspi-io@9.0.0"}]} (current: {"os":"darwin","cpu":"x64"})
93 verbose stack     at checkPlatform (/Users/francesthai/.nvm/versions/node/v6.1.0/lib/node_modules/npm/node_modules/npm-install-checks/index.js:45:14)
93 verbose stack     at thenWarnEngineIssues (/Users/francesthai/.nvm/versions/node/v6.1.0/lib/node_modules/npm/lib/install/validate-args.js:41:5)
93 verbose stack     at /Users/francesthai/.nvm/versions/node/v6.1.0/lib/node_modules/npm/node_modules/iferr/index.js:13:50
93 verbose stack     at checkEngine (/Users/francesthai/.nvm/versions/node/v6.1.0/lib/node_modules/npm/node_modules/npm-install-checks/index.js:21:14)
93 verbose stack     at module.exports.isInstallable (/Users/francesthai/.nvm/versions/node/v6.1.0/lib/node_modules/npm/lib/install/validate-args.js:38:3)
93 verbose stack     at Array.<anonymous> (/Users/francesthai/.nvm/versions/node/v6.1.0/lib/node_modules/npm/node_modules/slide/lib/bind-actor.js:15:8)
93 verbose stack     at LOOP (/Users/francesthai/.nvm/versions/node/v6.1.0/lib/node_modules/npm/node_modules/slide/lib/chain.js:15:14)
93 verbose stack     at /Users/francesthai/.nvm/versions/node/v6.1.0/lib/node_modules/npm/node_modules/slide/lib/chain.js:18:7
93 verbose stack     at checkSelf (/Users/francesthai/.nvm/versions/node/v6.1.0/lib/node_modules/npm/lib/install/validate-args.js:46:72)
93 verbose stack     at Array.<anonymous> (/Users/francesthai/.nvm/versions/node/v6.1.0/lib/node_modules/npm/node_modules/slide/lib/bind-actor.js:15:8)
94 verbose pkgid raspi-io@9.0.0
95 verbose cwd /Users/francesthai/boh_printer
96 error Darwin 16.7.0
97 error argv "/Users/francesthai/.nvm/versions/node/v6.1.0/bin/node" "/Users/francesthai/.nvm/versions/node/v6.1.0/bin/npm" "install" "--save" "cpu-percent" "johnny-five" "raspi-io" "bicolor-bargraph"
98 error node v6.1.0
99 error npm  v3.8.6
100 error code EBADPLATFORM
101 error notsup Not compatible with your operating system or architecture: raspi-io@9.0.0
102 error notsup Valid OS:    any
102 error notsup Valid Arch:  arm
102 error notsup Actual OS:   darwin
102 error notsup Actual Arch: x64
103 verbose exit [ 1, true ]
